# JRE version: OpenJDK Runtime Environment (11.0.12+7) (build 11.0.12+7-b1504.28-7817840)
# Java VM: OpenJDK 64-Bit Server VM (11.0.12+7-b1504.28-7817840, mixed mode, tiered, compressed oops, g1 gc, windows-amd64)
Heap:
 garbage-first heap   total 364544K, used 249626K [0x0000000080000000, 0x0000000100000000)
  region size 1024K, 64 young (65536K), 10 survivors (10240K)
 Metaspace       used 170244K, capacity 175472K, committed 183500K, reserved 1208320K
  class space    used 21082K, capacity 22937K, committed 25548K, reserved 1048576K
GC Heap History (20 events):
Event: 2421.770 GC heap before
{Heap before GC invocations=78 (full 0):
 garbage-first heap   total 364544K, used 252182K [0x0000000080000000, 0x0000000100000000)
  region size 1024K, 56 young (57344K), 1 survivors (1024K)
 Metaspace       used 170344K, capacity 175498K, committed 183500K, reserved 1208320K
  class space    used 21167K, capacity 22899K, committed 25548K, reserved 1048576K
}
Event: 2421.776 GC heap after
{Heap after GC invocations=79 (full 0):
 garbage-first heap   total 364544K, used 199709K [0x0000000080000000, 0x0000000100000000)
  region size 1024K, 3 young (3072K), 3 survivors (3072K)
 Metaspace       used 170344K, capacity 175498K, committed 183500K, reserved 1208320K
  class space    used 21167K, capacity 22899K, committed 25548K, reserved 1048576K
}
Event: 2613.280 GC heap before
{Heap before GC invocations=80 (full 0):
 garbage-first heap   total 364544K, used 283677K [0x0000000080000000, 0x0000000100000000)
  region size 1024K, 76 young (77824K), 3 survivors (3072K)
 Metaspace       used 170571K, capacity 175665K, committed 183500K, reserved 1208320K
  class space    used 21184K, capacity 22930K, committed 25548K, reserved 1048576K
}
Event: 2613.291 GC heap after
{Heap after GC invocations=81 (full 0):
 garbage-first heap   total 364544K, used 203549K [0x0000000080000000, 0x0000000100000000)
  region size 1024K, 10 young (10240K), 10 survivors (10240K)
 Metaspace       used 170571K, capacity 175665K, committed 183500K, reserved 1208320K
  class space    used 21184K, capacity 22930K, committed 25548K, reserved 1048576K
}
Event: 2613.349 GC heap before
{Heap before GC invocations=81 (full 0):
 garbage-first heap   total 364544K, used 209693K [0x0000000080000000, 0x0000000100000000)
  region size 1024K, 17 young (17408K), 10 survivors (10240K)
 Metaspace       used 170583K, capacity 175667K, committed 183500K, reserved 1208320K
  class space    used 21184K, capacity 22930K, committed 25548K, reserved 1048576K
}
Event: 2613.361 GC heap after
{Heap after GC invocations=82 (full 0):
 garbage-first heap   total 364544K, used 187549K [0x0000000080000000, 0x0000000100000000)
  region size 1024K, 2 young (2048K), 2 survivors (2048K)
 Metaspace       used 170583K, capacity 175667K, committed 183500K, reserved 1208320K
  class space    used 21184K, capacity 22930K, committed 25548K, reserved 1048576K
}
Event: 2699.896 GC heap before
{Heap before GC invocations=82 (full 0):
 garbage-first heap   total 364544K, used 269469K [0x0000000080000000, 0x0000000100000000)
  region size 1024K, 83 young (84992K), 2 survivors (2048K)
 Metaspace       used 170985K, capacity 176282K, committed 183500K, reserved 1208320K
  class space    used 21227K, capacity 23008K, committed 25548K, reserved 1048576K
}
Event: 2699.915 GC heap after
{Heap after GC invocations=83 (full 0):
 garbage-first heap   total 364544K, used 194725K [0x0000000080000000, 0x0000000100000000)
  region size 1024K, 9 young (9216K), 9 survivors (9216K)
 Metaspace       used 170985K, capacity 176282K, committed 183500K, reserved 1208320K
  class space    used 21227K, capacity 23008K, committed 25548K, reserved 1048576K
}
Event: 2747.223 GC heap before
{Heap before GC invocations=84 (full 0):
 garbage-first heap   total 364544K, used 289957K [0x0000000080000000, 0x0000000100000000)
  region size 1024K, 90 young (92160K), 9 survivors (9216K)
 Metaspace       used 168667K, capacity 173475K, committed 183500K, reserved 1208320K
  class space    used 20869K, capacity 22546K, committed 25548K, reserved 1048576K
}
Event: 2747.235 GC heap after
{Heap after GC invocations=85 (full 0):
 garbage-first heap   total 364544K, used 191356K [0x0000000080000000, 0x0000000100000000)
  region size 1024K, 3 young (3072K), 3 survivors (3072K)
 Metaspace       used 168667K, capacity 173475K, committed 183500K, reserved 1208320K
  class space    used 20869K, capacity 22546K, committed 25548K, reserved 1048576K
}
Event: 2747.408 GC heap before
{Heap before GC invocations=85 (full 0):
 garbage-first heap   total 364544K, used 204668K [0x0000000080000000, 0x0000000100000000)
  region size 1024K, 17 young (17408K), 3 survivors (3072K)
 Metaspace       used 168680K, capacity 173475K, committed 183500K, reserved 1208320K
  class space    used 20870K, capacity 22546K, committed 25548K, reserved 1048576K
}
Event: 2747.434 GC heap after
{Heap after GC invocations=86 (full 0):
 garbage-first heap   total 364544K, used 175544K [0x0000000080000000, 0x0000000100000000)
  region size 1024K, 2 young (2048K), 2 survivors (2048K)
 Metaspace       used 168680K, capacity 173475K, committed 183500K, reserved 1208320K
  class space    used 20870K, capacity 22546K, committed 25548K, reserved 1048576K
}
Event: 3237.368 GC heap before
{Heap before GC invocations=86 (full 0):
 garbage-first heap   total 364544K, used 271800K [0x0000000080000000, 0x0000000100000000)
  region size 1024K, 97 young (99328K), 2 survivors (2048K)
 Metaspace       used 169002K, capacity 173869K, committed 183500K, reserved 1208320K
  class space    used 20893K, capacity 22588K, committed 25548K, reserved 1048576K
}
Event: 3237.390 GC heap after
{Heap after GC invocations=87 (full 0):
 garbage-first heap   total 364544K, used 183450K [0x0000000080000000, 0x0000000100000000)
  region size 1024K, 10 young (10240K), 10 survivors (10240K)
 Metaspace       used 169002K, capacity 173869K, committed 183500K, reserved 1208320K
  class space    used 20893K, capacity 22588K, committed 25548K, reserved 1048576K
}
Event: 4166.864 GC heap before
{Heap before GC invocations=88 (full 0):
 garbage-first heap   total 364544K, used 278682K [0x0000000080000000, 0x0000000100000000)
  region size 1024K, 104 young (106496K), 10 survivors (10240K)
 Metaspace       used 169158K, capacity 174026K, committed 183500K, reserved 1208320K
  class space    used 20896K, capacity 22592K, committed 25548K, reserved 1048576K
}
Event: 4166.874 GC heap after
{Heap after GC invocations=89 (full 0):
 garbage-first heap   total 364544K, used 184085K [0x0000000080000000, 0x0000000100000000)
  region size 1024K, 3 young (3072K), 3 survivors (3072K)
 Metaspace       used 169158K, capacity 174026K, committed 183500K, reserved 1208320K
  class space    used 20896K, capacity 22592K, committed 25548K, reserved 1048576K
}
Event: 4167.103 GC heap before
{Heap before GC invocations=89 (full 0):
 garbage-first heap   total 364544K, used 197397K [0x0000000080000000, 0x0000000100000000)
  region size 1024K, 17 young (17408K), 3 survivors (3072K)
 Metaspace       used 169159K, capacity 174026K, committed 183500K, reserved 1208320K
  class space    used 20896K, capacity 22592K, committed 25548K, reserved 1048576K
}
Event: 4167.112 GC heap after
{Heap after GC invocations=90 (full 0):
 garbage-first heap   total 364544K, used 175340K [0x0000000080000000, 0x0000000100000000)
  region size 1024K, 2 young (2048K), 2 survivors (2048K)
 Metaspace       used 169159K, capacity 174026K, committed 183500K, reserved 1208320K
  class space    used 20896K, capacity 22592K, committed 25548K, reserved 1048576K
}
Event: 4169.716 GC heap before
{Heap before GC invocations=90 (full 0):
 garbage-first heap   total 364544K, used 275692K [0x0000000080000000, 0x0000000100000000)
  region size 1024K, 102 young (104448K), 2 survivors (2048K)
 Metaspace       used 170005K, capacity 175094K, committed 183500K, reserved 1208320K
  class space    used 21048K, capacity 22874K, committed 25548K, reserved 1048576K
}
Event: 4169.743 GC heap after
{Heap after GC invocations=91 (full 0):
 garbage-first heap   total 364544K, used 183066K [0x0000000080000000, 0x0000000100000000)
  region size 1024K, 10 young (10240K), 10 survivors (10240K)
 Metaspace       used 170005K, capacity 175094K, committed 183500K, reserved 1208320K
  class space    used 21048K, capacity 22874K, committed 25548K, reserved 1048576K
}

